2018/07/31 15:04:10 - Spoon - ERROR (version Unknown, build 0 from 2018/07/31 15:03:47.048 by xiaow) : java.net.MalformedURLException: no protocol: !Const.BaseDocUrl!Products/Data_Integration
2018/07/31 15:04:10 - Spoon - 	at java.net.URL.<init>(URL.java:593)
2018/07/31 15:04:10 - Spoon - 	at java.net.URL.<init>(URL.java:490)
2018/07/31 15:04:10 - Spoon - 	at java.net.URL.<init>(URL.java:439)
2018/07/31 15:04:10 - Spoon - 	at org.pentaho.di.ui.spoon.Spoon.showDocumentMap(Spoon.java:1800)
2018/07/31 15:04:10 - Spoon - 	at sun.reflect.NativeMethodAccessorImpl.invoke0(Native Method)
2018/07/31 15:04:10 - Spoon - 	at sun.reflect.NativeMethodAccessorImpl.invoke(NativeMethodAccessorImpl.java:62)
2018/07/31 15:04:10 - Spoon - 	at sun.reflect.DelegatingMethodAccessorImpl.invoke(DelegatingMethodAccessorImpl.java:43)
2018/07/31 15:04:10 - Spoon - 	at java.lang.reflect.Method.invoke(Method.java:498)
2018/07/31 15:04:10 - Spoon - 	at org.pentaho.ui.xul.impl.AbstractXulDomContainer.invoke(AbstractXulDomContainer.java:313)
2018/07/31 15:04:10 - Spoon - 	at org.pentaho.ui.xul.impl.AbstractXulComponent.invoke(AbstractXulComponent.java:157)
2018/07/31 15:04:10 - Spoon - 	at org.pentaho.ui.xul.impl.AbstractXulComponent.invoke(AbstractXulComponent.java:141)
2018/07/31 15:04:10 - Spoon - 	at org.pentaho.ui.xul.jface.tags.JfaceMenuitem.access$100(JfaceMenuitem.java:43)
2018/07/31 15:04:10 - Spoon - 	at org.pentaho.ui.xul.jface.tags.JfaceMenuitem$1.run(JfaceMenuitem.java:106)
2018/07/31 15:04:10 - Spoon - 	at org.eclipse.jface.action.Action.runWithEvent(Action.java:498)
2018/07/31 15:04:10 - Spoon - 	at org.eclipse.jface.action.ActionContributionItem.handleWidgetSelection(ActionContributionItem.java:545)
2018/07/31 15:04:10 - Spoon - 	at org.eclipse.jface.action.ActionContributionItem.access$2(ActionContributionItem.java:490)
2018/07/31 15:04:10 - Spoon - 	at org.eclipse.jface.action.ActionContributionItem$5.handleEvent(ActionContributionItem.java:402)
2018/07/31 15:04:10 - Spoon - 	at org.eclipse.swt.widgets.EventTable.sendEvent(Unknown Source)
2018/07/31 15:04:10 - Spoon - 	at org.eclipse.swt.widgets.Display.sendEvent(Unknown Source)
2018/07/31 15:04:10 - Spoon - 	at org.eclipse.swt.widgets.Widget.sendEvent(Unknown Source)
2018/07/31 15:04:10 - Spoon - 	at org.eclipse.swt.widgets.Display.runDeferredEvents(Unknown Source)
2018/07/31 15:04:10 - Spoon - 	at org.eclipse.swt.widgets.Display.readAndDispatch(Unknown Source)
2018/07/31 15:04:10 - Spoon - 	at org.pentaho.di.ui.spoon.Spoon.readAndDispatch(Spoon.java:1375)
2018/07/31 15:04:10 - Spoon - 	at org.pentaho.di.ui.spoon.Spoon.waitForDispose(Spoon.java:8104)
2018/07/31 15:04:10 - Spoon - 	at org.pentaho.di.ui.spoon.Spoon.start(Spoon.java:9466)
2018/07/31 15:04:10 - Spoon - 	at org.pentaho.di.ui.spoon.Spoon.main(Spoon.java:701)
2018/07/31 15:04:12 - Spoon - ERROR (version Unknown, build 0 from 2018/07/31 15:03:47.048 by xiaow) : java.net.MalformedURLException: no protocol: !Const.BaseDocUrl!Products/Data_Integration
2018/07/31 15:04:12 - Spoon - 	at java.net.URL.<init>(URL.java:593)
2018/07/31 15:04:12 - Spoon - 	at java.net.URL.<init>(URL.java:490)
2018/07/31 15:04:12 - Spoon - 	at java.net.URL.<init>(URL.java:439)
2018/07/31 15:04:12 - Spoon - 	at org.pentaho.di.ui.spoon.Spoon.showDocumentMap(Spoon.java:1800)
2018/07/31 15:04:12 - Spoon - 	at sun.reflect.NativeMethodAccessorImpl.invoke0(Native Method)
2018/07/31 15:04:12 - Spoon - 	at sun.reflect.NativeMethodAccessorImpl.invoke(NativeMethodAccessorImpl.java:62)
2018/07/31 15:04:12 - Spoon - 	at sun.reflect.DelegatingMethodAccessorImpl.invoke(DelegatingMethodAccessorImpl.java:43)
2018/07/31 15:04:12 - Spoon - 	at java.lang.reflect.Method.invoke(Method.java:498)
2018/07/31 15:04:12 - Spoon - 	at org.pentaho.ui.xul.impl.AbstractXulDomContainer.invoke(AbstractXulDomContainer.java:313)
2018/07/31 15:04:12 - Spoon - 	at org.pentaho.ui.xul.impl.AbstractXulComponent.invoke(AbstractXulComponent.java:157)
2018/07/31 15:04:12 - Spoon - 	at org.pentaho.ui.xul.impl.AbstractXulComponent.invoke(AbstractXulComponent.java:141)
2018/07/31 15:04:12 - Spoon - 	at org.pentaho.ui.xul.jface.tags.JfaceMenuitem.access$100(JfaceMenuitem.java:43)
2018/07/31 15:04:12 - Spoon - 	at org.pentaho.ui.xul.jface.tags.JfaceMenuitem$1.run(JfaceMenuitem.java:106)
2018/07/31 15:04:12 - Spoon - 	at org.eclipse.jface.action.Action.runWithEvent(Action.java:498)
2018/07/31 15:04:12 - Spoon - 	at org.eclipse.jface.action.ActionContributionItem.handleWidgetSelection(ActionContributionItem.java:545)
2018/07/31 15:04:12 - Spoon - 	at org.eclipse.jface.action.ActionContributionItem.access$2(ActionContributionItem.java:490)
2018/07/31 15:04:12 - Spoon - 	at org.eclipse.jface.action.ActionContributionItem$5.handleEvent(ActionContributionItem.java:402)
2018/07/31 15:04:12 - Spoon - 	at org.eclipse.swt.widgets.EventTable.sendEvent(Unknown Source)
2018/07/31 15:04:12 - Spoon - 	at org.eclipse.swt.widgets.Display.sendEvent(Unknown Source)
2018/07/31 15:04:12 - Spoon - 	at org.eclipse.swt.widgets.Widget.sendEvent(Unknown Source)
2018/07/31 15:04:12 - Spoon - 	at org.eclipse.swt.widgets.Display.runDeferredEvents(Unknown Source)
2018/07/31 15:04:12 - Spoon - 	at org.eclipse.swt.widgets.Display.readAndDispatch(Unknown Source)
2018/07/31 15:04:12 - Spoon - 	at org.pentaho.di.ui.spoon.Spoon.readAndDispatch(Spoon.java:1375)
2018/07/31 15:04:12 - Spoon - 	at org.pentaho.di.ui.spoon.Spoon.waitForDispose(Spoon.java:8104)
2018/07/31 15:04:12 - Spoon - 	at org.pentaho.di.ui.spoon.Spoon.start(Spoon.java:9466)
2018/07/31 15:04:12 - Spoon - 	at org.pentaho.di.ui.spoon.Spoon.main(Spoon.java:701)
2018/07/31 15:04:44 - Spoon - 另存为...
2018/07/31 15:04:44 - Spoon - Save file as...
2018/07/31 15:10:06 - Spoon - Spoon  已经结束.
stopping
